# JRE version: OpenJDK Runtime Environment (21.0.9) (build 21.0.9+-14787801-b1163.94)
# Java VM: OpenJDK 64-Bit Server VM (21.0.9+-14787801-b1163.94, mixed mode, tiered, compressed oops, compressed class ptrs, g1 gc, windows-amd64)
GC Precious Log:
 CardTable entry size: 512
 Card Set container configuration: InlinePtr #cards 5 size 8 Array Of Cards #cards 12 size 40 Howl #buckets 4 coarsen threshold 1843 Howl Bitmap #cards 512 size 80 coarsen threshold 460 Card regions per heap region 1 cards per card region 2048
 CPUs: 4 total, 4 available
 Memory: 7834M
 Large Page Support: Disabled
 NUMA Support: Disabled
 Compressed Oops: Enabled (32-bit)
 Heap Region Size: 1M
 Heap Min Capacity: 8M
 Heap Initial Capacity: 124M
 Heap Max Capacity: 1960M
 Pre-touch: Disabled
 Parallel Workers: 4
 Concurrent Workers: 1
 Concurrent Refinement Workers: 4
 Periodic GC: Disabled
Heap:
 garbage-first heap   total 155648K, used 110485K [0x0000000085800000, 0x0000000100000000)
  region size 1024K, 11 young (11264K), 5 survivors (5120K)
 Metaspace       used 61582K, committed 61888K, reserved 1114112K
  class space    used 7116K, committed 7232K, reserved 1048576K
GC Heap History (20 events):
Event: 39.427 GC heap before
{Heap before GC invocations=27 (full 0):
 garbage-first heap   total 86016K, used 73216K [0x0000000085800000, 0x0000000100000000)
  region size 1024K, 18 young (18432K), 2 survivors (2048K)
 Metaspace       used 55150K, committed 55424K, reserved 1114112K
  class space    used 6473K, committed 6592K, reserved 1048576K
}
Event: 39.441 GC heap after
{Heap after GC invocations=28 (full 0):
 garbage-first heap   total 86016K, used 60416K [0x0000000085800000, 0x0000000100000000)
  region size 1024K, 3 young (3072K), 3 survivors (3072K)
 Metaspace       used 55150K, committed 55424K, reserved 1114112K
  class space    used 6473K, committed 6592K, reserved 1048576K
}
Event: 41.139 GC heap before
{Heap before GC invocations=28 (full 0):
 garbage-first heap   total 86016K, used 74752K [0x0000000085800000, 0x0000000100000000)
  region size 1024K, 17 young (17408K), 3 survivors (3072K)
 Metaspace       used 57813K, committed 58112K, reserved 1114112K
  class space    used 6823K, committed 6976K, reserved 1048576K
}
Event: 41.165 GC heap after
{Heap after GC invocations=29 (full 0):
 garbage-first heap   total 86016K, used 63572K [0x0000000085800000, 0x0000000100000000)
  region size 1024K, 3 young (3072K), 3 survivors (3072K)
 Metaspace       used 57813K, committed 58112K, reserved 1114112K
  class space    used 6823K, committed 6976K, reserved 1048576K
}
Event: 43.518 GC heap before
{Heap before GC invocations=30 (full 0):
 garbage-first heap   total 107520K, used 75860K [0x0000000085800000, 0x0000000100000000)
  region size 1024K, 15 young (15360K), 3 survivors (3072K)
 Metaspace       used 59395K, committed 59712K, reserved 1114112K
  class space    used 7019K, committed 7168K, reserved 1048576K
}
Event: 43.535 GC heap after
{Heap after GC invocations=31 (full 0):
 garbage-first heap   total 107520K, used 66108K [0x0000000085800000, 0x0000000100000000)
  region size 1024K, 2 young (2048K), 2 survivors (2048K)
 Metaspace       used 59395K, committed 59712K, reserved 1114112K
  class space    used 7019K, committed 7168K, reserved 1048576K
}
Event: 45.375 GC heap before
{Heap before GC invocations=31 (full 0):
 garbage-first heap   total 107520K, used 91708K [0x0000000085800000, 0x0000000100000000)
  region size 1024K, 27 young (27648K), 2 survivors (2048K)
 Metaspace       used 59943K, committed 60224K, reserved 1114112K
  class space    used 7053K, committed 7168K, reserved 1048576K
}
Event: 45.392 GC heap after
{Heap after GC invocations=32 (full 0):
 garbage-first heap   total 107520K, used 70656K [0x0000000085800000, 0x0000000100000000)
  region size 1024K, 4 young (4096K), 4 survivors (4096K)
 Metaspace       used 59943K, committed 60224K, reserved 1114112K
  class space    used 7053K, committed 7168K, reserved 1048576K
}
Event: 45.539 GC heap before
{Heap before GC invocations=32 (full 0):
 garbage-first heap   total 107520K, used 92160K [0x0000000085800000, 0x0000000100000000)
  region size 1024K, 25 young (25600K), 4 survivors (4096K)
 Metaspace       used 59943K, committed 60224K, reserved 1114112K
  class space    used 7053K, committed 7168K, reserved 1048576K
}
Event: 45.553 GC heap after
{Heap after GC invocations=33 (full 0):
 garbage-first heap   total 107520K, used 76288K [0x0000000085800000, 0x0000000100000000)
  region size 1024K, 4 young (4096K), 4 survivors (4096K)
 Metaspace       used 59943K, committed 60224K, reserved 1114112K
  class space    used 7053K, committed 7168K, reserved 1048576K
}
Event: 46.066 GC heap before
{Heap before GC invocations=34 (full 0):
 garbage-first heap   total 126976K, used 93696K [0x0000000085800000, 0x0000000100000000)
  region size 1024K, 22 young (22528K), 4 survivors (4096K)
 Metaspace       used 59943K, committed 60224K, reserved 1114112K
  class space    used 7053K, committed 7168K, reserved 1048576K
}
Event: 46.078 GC heap after
{Heap after GC invocations=35 (full 0):
 garbage-first heap   total 126976K, used 80384K [0x0000000085800000, 0x0000000100000000)
  region size 1024K, 3 young (3072K), 3 survivors (3072K)
 Metaspace       used 59943K, committed 60224K, reserved 1114112K
  class space    used 7053K, committed 7168K, reserved 1048576K
}
Event: 46.902 GC heap before
{Heap before GC invocations=35 (full 0):
 garbage-first heap   total 126976K, used 108032K [0x0000000085800000, 0x0000000100000000)
  region size 1024K, 30 young (30720K), 3 survivors (3072K)
 Metaspace       used 59943K, committed 60224K, reserved 1114112K
  class space    used 7053K, committed 7168K, reserved 1048576K
}
Event: 46.917 GC heap after
{Heap after GC invocations=36 (full 0):
 garbage-first heap   total 126976K, used 87040K [0x0000000085800000, 0x0000000100000000)
  region size 1024K, 4 young (4096K), 4 survivors (4096K)
 Metaspace       used 59943K, committed 60224K, reserved 1114112K
  class space    used 7053K, committed 7168K, reserved 1048576K
}
Event: 47.476 GC heap before
{Heap before GC invocations=36 (full 0):
 garbage-first heap   total 126976K, used 111616K [0x0000000085800000, 0x0000000100000000)
  region size 1024K, 28 young (28672K), 4 survivors (4096K)
 Metaspace       used 59943K, committed 60224K, reserved 1114112K
  class space    used 7053K, committed 7168K, reserved 1048576K
}
Event: 47.489 GC heap after
{Heap after GC invocations=37 (full 0):
 garbage-first heap   total 126976K, used 93184K [0x0000000085800000, 0x0000000100000000)
  region size 1024K, 4 young (4096K), 4 survivors (4096K)
 Metaspace       used 59943K, committed 60224K, reserved 1114112K
  class space    used 7053K, committed 7168K, reserved 1048576K
}
Event: 49.438 GC heap before
{Heap before GC invocations=38 (full 0):
 garbage-first heap   total 155648K, used 112640K [0x0000000085800000, 0x0000000100000000)
  region size 1024K, 24 young (24576K), 4 survivors (4096K)
 Metaspace       used 60195K, committed 60480K, reserved 1114112K
  class space    used 7057K, committed 7168K, reserved 1048576K
}
Event: 49.448 GC heap after
{Heap after GC invocations=39 (full 0):
 garbage-first heap   total 155648K, used 98816K [0x0000000085800000, 0x0000000100000000)
  region size 1024K, 3 young (3072K), 3 survivors (3072K)
 Metaspace       used 60195K, committed 60480K, reserved 1114112K
  class space    used 7057K, committed 7168K, reserved 1048576K
}
Event: 55.143 GC heap before
{Heap before GC invocations=39 (full 0):
 garbage-first heap   total 155648K, used 132608K [0x0000000085800000, 0x0000000100000000)
  region size 1024K, 36 young (36864K), 3 survivors (3072K)
 Metaspace       used 61327K, committed 61632K, reserved 1114112K
  class space    used 7102K, committed 7232K, reserved 1048576K
}
Event: 55.169 GC heap after
{Heap after GC invocations=40 (full 0):
 garbage-first heap   total 155648K, used 105365K [0x0000000085800000, 0x0000000100000000)
  region size 1024K, 5 young (5120K), 5 survivors (5120K)
 Metaspace       used 61327K, committed 61632K, reserved 1114112K
  class space    used 7102K, committed 7232K, reserved 1048576K
}

